<?xml version="1.0" encoding="UTF-8" ?>
<testsuite tests="5" failures="0" errors="0" skipped="0" time="0.018" name="module 'prop_bitarray'">
  <testcase time="0.003" name="prop_bitarray:0 prop_new_test">
    <system-out>
    </system-out>
  </testcase>
  <testcase time="0.000" name="prop_bitarray:0 prop_set_get_test">
    <system-out>
    </system-out>
  </testcase>
  <testcase time="0.000" name="prop_bitarray:0 prop_size_test">
    <system-out>
    </system-out>
  </testcase>
  <testcase time="0.000" name="prop_bitarray:0 prop_clear_test">
    <system-out>
    </system-out>
  </testcase>
  <testcase time="0.000" name="prop_bitarray:0 prop_flip_test">
    <system-out>
    </system-out>
  </testcase>
</testsuite>
